<?xml version="1.0" encoding="UTF-8"?>
<robot generator="Robot 3.2.2 (Python 3.8.5 on win32)" generated="20210112 13:27:41.855" rpa="false">
<suite id="s1" name="Android" source="C:\EclipsePortable-All-cpf\EclipsePortable\Data\workspace\Andriod_Test\Tests\Android.robot">
<test id="s1-t1" name="OMS Live Stock">
<kw name="Open App" library="OpenApp">
<kw name="Open Application" library="AppiumLibrary">
<doc>Opens a new application to given Appium server.
Capabilities of appium server, Android and iOS,
Please check https://github.com/appium/appium/blob/master/docs/en/writing-running-appium/server-args.md
| *Option*            | *Man.* | *Description*     |
| remote_url          | Yes    | Appium server url |
| alias               | no     | alias             |</doc>
<arguments>
<arg>http://localhost:4723/wd/hub</arg>
<arg>platformName=Android</arg>
<arg>deviceName=emulator-5554</arg>
<arg>appPackage=com.cpfit.oms_livestock</arg>
<arg>appActivity=com.example.oms_livestock.MainActivity</arg>
<arg>automationName=Uiautomator2</arg>
</arguments>
<status status="PASS" starttime="20210112 13:27:42.066" endtime="20210112 13:27:53.648"></status>
</kw>
<status status="PASS" starttime="20210112 13:27:42.065" endtime="20210112 13:27:53.648"></status>
</kw>
<kw name="Login OMS Livestock" library="LoginPage">
<kw name="Click Element with Appium -&gt; ${Btn1} timeout 10 sec." library="AppiumUtils">
<kw name="Wait Until Page Contains Element" library="AppiumLibrary">
<doc>Waits until element specified with `locator` appears on current page.</doc>
<arguments>
<arg>${path}</arg>
<arg>${sec}</arg>
</arguments>
<status status="PASS" starttime="20210112 13:27:53.650" endtime="20210112 13:27:54.215"></status>
</kw>
<kw name="Click Element" library="AppiumLibrary">
<doc>Click element identified by `locator`.</doc>
<arguments>
<arg>${path}</arg>
</arguments>
<msg timestamp="20210112 13:27:54.216" level="INFO">Clicking element 'com.android.permissioncontroller:id/permission_allow_foreground_only_button'.</msg>
<status status="PASS" starttime="20210112 13:27:54.215" endtime="20210112 13:27:54.270"></status>
</kw>
<status status="PASS" starttime="20210112 13:27:53.650" endtime="20210112 13:27:54.270"></status>
</kw>
<kw name="Click Element with Appium -&gt; ${Btn2} timeout 10 sec." library="AppiumUtils">
<kw name="Wait Until Page Contains Element" library="AppiumLibrary">
<doc>Waits until element specified with `locator` appears on current page.</doc>
<arguments>
<arg>${path}</arg>
<arg>${sec}</arg>
</arguments>
<status status="PASS" starttime="20210112 13:27:54.270" endtime="20210112 13:27:54.310"></status>
</kw>
<kw name="Click Element" library="AppiumLibrary">
<doc>Click element identified by `locator`.</doc>
<arguments>
<arg>${path}</arg>
</arguments>
<msg timestamp="20210112 13:27:54.311" level="INFO">Clicking element 'com.android.permissioncontroller:id/permission_allow_button'.</msg>
<status status="PASS" starttime="20210112 13:27:54.310" endtime="20210112 13:27:55.075"></status>
</kw>
<status status="PASS" starttime="20210112 13:27:54.270" endtime="20210112 13:27:55.076"></status>
</kw>
<kw name="Wait Until Page Contains Element" library="AppiumLibrary">
<doc>Waits until element specified with `locator` appears on current page.</doc>
<arguments>
<arg>${Screen}</arg>
<arg>60</arg>
</arguments>
<status status="PASS" starttime="20210112 13:27:55.076" endtime="20210112 13:28:04.067"></status>
</kw>
<kw name="Click Element with Appium -&gt; ${UserId} timeout 10 sec." library="AppiumUtils">
<kw name="Wait Until Page Contains Element" library="AppiumLibrary">
<doc>Waits until element specified with `locator` appears on current page.</doc>
<arguments>
<arg>${path}</arg>
<arg>${sec}</arg>
</arguments>
<status status="PASS" starttime="20210112 13:28:04.068" endtime="20210112 13:28:04.096"></status>
</kw>
<kw name="Click Element" library="AppiumLibrary">
<doc>Click element identified by `locator`.</doc>
<arguments>
<arg>${path}</arg>
</arguments>
<msg timestamp="20210112 13:28:04.097" level="INFO">Clicking element '//android.widget.EditText[@text="User ID"]'.</msg>
<status status="PASS" starttime="20210112 13:28:04.096" endtime="20210112 13:28:04.152"></status>
</kw>
<status status="PASS" starttime="20210112 13:28:04.068" endtime="20210112 13:28:04.152"></status>
</kw>
<kw name="Sleep" library="BuiltIn">
<doc>Pauses the test executed for the given time.</doc>
<arguments>
<arg>2</arg>
</arguments>
<msg timestamp="20210112 13:28:06.159" level="INFO">Slept 2 seconds</msg>
<status status="PASS" starttime="20210112 13:28:04.153" endtime="20210112 13:28:06.159"></status>
</kw>
<kw name="Press Keycode" library="AppiumLibrary">
<doc>Sends a press of keycode to the device.</doc>
<arguments>
<arg>46</arg>
</arguments>
<status status="PASS" starttime="20210112 13:28:06.159" endtime="20210112 13:28:06.204"></status>
</kw>
<kw name="Press Keycode" library="AppiumLibrary">
<doc>Sends a press of keycode to the device.</doc>
<arguments>
<arg>49</arg>
</arguments>
<status status="PASS" starttime="20210112 13:28:06.204" endtime="20210112 13:28:06.236"></status>
</kw>
<kw name="Press Keycode" library="AppiumLibrary">
<doc>Sends a press of keycode to the device.</doc>
<arguments>
<arg>38</arg>
</arguments>
<status status="PASS" starttime="20210112 13:28:06.236" endtime="20210112 13:28:06.270"></status>
</kw>
<kw name="Press Keycode" library="AppiumLibrary">
<doc>Sends a press of keycode to the device.</doc>
<arguments>
<arg>37</arg>
</arguments>
<status status="PASS" starttime="20210112 13:28:06.271" endtime="20210112 13:28:06.302"></status>
</kw>
<kw name="Press Keycode" library="AppiumLibrary">
<doc>Sends a press of keycode to the device.</doc>
<arguments>
<arg>46</arg>
</arguments>
<status status="PASS" starttime="20210112 13:28:06.302" endtime="20210112 13:28:06.339"></status>
</kw>
<kw name="Press Keycode" library="AppiumLibrary">
<doc>Sends a press of keycode to the device.</doc>
<arguments>
<arg>43</arg>
</arguments>
<status status="PASS" starttime="20210112 13:28:06.339" endtime="20210112 13:28:06.371"></status>
</kw>
<kw name="Press Keycode" library="AppiumLibrary">
<doc>Sends a press of keycode to the device.</doc>
<arguments>
<arg>48</arg>
</arguments>
<status status="PASS" starttime="20210112 13:28:06.371" endtime="20210112 13:28:06.402"></status>
</kw>
<kw name="Press Keycode" library="AppiumLibrary">
<doc>Sends a press of keycode to the device.</doc>
<arguments>
<arg>56</arg>
</arguments>
<status status="PASS" starttime="20210112 13:28:06.402" endtime="20210112 13:28:07.035"></status>
</kw>
<kw name="Press Keycode" library="AppiumLibrary">
<doc>Sends a press of keycode to the device.</doc>
<arguments>
<arg>44</arg>
</arguments>
<status status="PASS" starttime="20210112 13:28:07.036" endtime="20210112 13:28:07.073"></status>
</kw>
<kw name="Press Keycode" library="AppiumLibrary">
<doc>Sends a press of keycode to the device.</doc>
<arguments>
<arg>36</arg>
</arguments>
<status status="PASS" starttime="20210112 13:28:07.073" endtime="20210112 13:28:07.103"></status>
</kw>
<kw name="Press Keycode" library="AppiumLibrary">
<doc>Sends a press of keycode to the device.</doc>
<arguments>
<arg>49</arg>
</arguments>
<status status="PASS" starttime="20210112 13:28:07.103" endtime="20210112 13:28:07.738"></status>
</kw>
<kw name="Click Element with Appium -&gt; ${Password} timeout 10 sec." library="AppiumUtils">
<kw name="Wait Until Page Contains Element" library="AppiumLibrary">
<doc>Waits until element specified with `locator` appears on current page.</doc>
<arguments>
<arg>${path}</arg>
<arg>${sec}</arg>
</arguments>
<status status="PASS" starttime="20210112 13:28:07.739" endtime="20210112 13:28:07.757"></status>
</kw>
<kw name="Click Element" library="AppiumLibrary">
<doc>Click element identified by `locator`.</doc>
<arguments>
<arg>${path}</arg>
</arguments>
<msg timestamp="20210112 13:28:07.758" level="INFO">Clicking element '//android.widget.EditText[@text="Password"]'.</msg>
<status status="PASS" starttime="20210112 13:28:07.757" endtime="20210112 13:28:08.472"></status>
</kw>
<status status="PASS" starttime="20210112 13:28:07.738" endtime="20210112 13:28:08.473"></status>
</kw>
<kw name="Sleep" library="BuiltIn">
<doc>Pauses the test executed for the given time.</doc>
<arguments>
<arg>2</arg>
</arguments>
<msg timestamp="20210112 13:28:10.486" level="INFO">Slept 2 seconds</msg>
<status status="PASS" starttime="20210112 13:28:08.473" endtime="20210112 13:28:10.486"></status>
</kw>
<kw name="Press Keycode" library="AppiumLibrary">
<doc>Sends a press of keycode to the device.</doc>
<arguments>
<arg>8</arg>
</arguments>
<status status="PASS" starttime="20210112 13:28:10.486" endtime="20210112 13:28:10.519"></status>
</kw>
<kw name="Press Keycode" library="AppiumLibrary">
<doc>Sends a press of keycode to the device.</doc>
<arguments>
<arg>8</arg>
</arguments>
<status status="PASS" starttime="20210112 13:28:10.520" endtime="20210112 13:28:10.552"></status>
</kw>
<kw name="Press Keycode" library="AppiumLibrary">
<doc>Sends a press of keycode to the device.</doc>
<arguments>
<arg>7</arg>
</arguments>
<status status="PASS" starttime="20210112 13:28:10.553" endtime="20210112 13:28:10.586"></status>
</kw>
<kw name="Press Keycode" library="AppiumLibrary">
<doc>Sends a press of keycode to the device.</doc>
<arguments>
<arg>7</arg>
</arguments>
<status status="PASS" starttime="20210112 13:28:10.586" endtime="20210112 13:28:11.153"></status>
</kw>
<kw name="Press Keycode" library="AppiumLibrary">
<doc>Sends a press of keycode to the device.</doc>
<arguments>
<arg>15</arg>
</arguments>
<status status="PASS" starttime="20210112 13:28:11.153" endtime="20210112 13:28:11.187"></status>
</kw>
<kw name="Press Keycode" library="AppiumLibrary">
<doc>Sends a press of keycode to the device.</doc>
<arguments>
<arg>7</arg>
</arguments>
<status status="PASS" starttime="20210112 13:28:11.187" endtime="20210112 13:28:11.769"></status>
</kw>
<kw name="Press Keycode" library="AppiumLibrary">
<doc>Sends a press of keycode to the device.</doc>
<arguments>
<arg>7</arg>
</arguments>
<status status="PASS" starttime="20210112 13:28:11.769" endtime="20210112 13:28:11.804"></status>
</kw>
<kw name="Press Keycode" library="AppiumLibrary">
<doc>Sends a press of keycode to the device.</doc>
<arguments>
<arg>16</arg>
</arguments>
<status status="PASS" starttime="20210112 13:28:11.804" endtime="20210112 13:28:12.355"></status>
</kw>
<kw name="Press Keycode" library="AppiumLibrary">
<doc>Sends a press of keycode to the device.</doc>
<arguments>
<arg>13</arg>
</arguments>
<status status="PASS" starttime="20210112 13:28:12.355" endtime="20210112 13:28:12.920"></status>
</kw>
<kw name="Press Keycode" library="AppiumLibrary">
<doc>Sends a press of keycode to the device.</doc>
<arguments>
<arg>12</arg>
</arguments>
<status status="PASS" starttime="20210112 13:28:12.920" endtime="20210112 13:28:13.455"></status>
</kw>
<kw name="Press Keycode" library="AppiumLibrary">
<doc>Sends a press of keycode to the device.</doc>
<arguments>
<arg>7</arg>
</arguments>
<status status="PASS" starttime="20210112 13:28:13.455" endtime="20210112 13:28:14.005"></status>
</kw>
<kw name="Press Keycode" library="AppiumLibrary">
<doc>Sends a press of keycode to the device.</doc>
<arguments>
<arg>11</arg>
</arguments>
<status status="PASS" starttime="20210112 13:28:14.005" endtime="20210112 13:28:14.538"></status>
</kw>
<kw name="Press Keycode" library="AppiumLibrary">
<doc>Sends a press of keycode to the device.</doc>
<arguments>
<arg>8</arg>
</arguments>
<status status="PASS" starttime="20210112 13:28:14.538" endtime="20210112 13:28:15.070"></status>
</kw>
<kw name="Press Keycode" library="AppiumLibrary">
<doc>Sends a press of keycode to the device.</doc>
<arguments>
<arg>77</arg>
</arguments>
<status status="PASS" starttime="20210112 13:28:15.070" endtime="20210112 13:28:15.105"></status>
</kw>
<kw name="Press Keycode" library="AppiumLibrary">
<doc>Sends a press of keycode to the device.</doc>
<arguments>
<arg>44</arg>
<arg>1</arg>
</arguments>
<status status="PASS" starttime="20210112 13:28:15.106" endtime="20210112 13:28:15.639"></status>
</kw>
<kw name="Sleep" library="BuiltIn">
<doc>Pauses the test executed for the given time.</doc>
<arguments>
<arg>1s</arg>
</arguments>
<msg timestamp="20210112 13:28:16.650" level="INFO">Slept 1 second</msg>
<status status="PASS" starttime="20210112 13:28:15.639" endtime="20210112 13:28:16.650"></status>
</kw>
<kw name="Click Element with Appium -&gt; ${LoginBtn} timeout 10 sec." library="AppiumUtils">
<kw name="Wait Until Page Contains Element" library="AppiumLibrary">
<doc>Waits until element specified with `locator` appears on current page.</doc>
<arguments>
<arg>${path}</arg>
<arg>${sec}</arg>
</arguments>
<status status="PASS" starttime="20210112 13:28:16.650" endtime="20210112 13:28:16.670"></status>
</kw>
<kw name="Click Element" library="AppiumLibrary">
<doc>Click element identified by `locator`.</doc>
<arguments>
<arg>${path}</arg>
</arguments>
<msg timestamp="20210112 13:28:16.671" level="INFO">Clicking element '//android.view.View[@content-desc="Sign In"]'.</msg>
<status status="PASS" starttime="20210112 13:28:16.670" endtime="20210112 13:28:16.772"></status>
</kw>
<status status="PASS" starttime="20210112 13:28:16.650" endtime="20210112 13:28:16.772"></status>
</kw>
<kw name="Wait Until Page Contains Element" library="AppiumLibrary">
<doc>Waits until element specified with `locator` appears on current page.</doc>
<arguments>
<arg>${Menu}</arg>
<arg>40</arg>
</arguments>
<status status="PASS" starttime="20210112 13:28:16.772" endtime="20210112 13:28:20.575"></status>
</kw>
<status status="PASS" starttime="20210112 13:27:53.649" endtime="20210112 13:28:20.575"></status>
</kw>
<kw name="Weight Manual Test" library="Weight_Manual">
<kw name="Click Element with Appium -&gt; ${Weight_Manual} timeout 10 sec." library="AppiumUtils">
<kw name="Wait Until Page Contains Element" library="AppiumLibrary">
<doc>Waits until element specified with `locator` appears on current page.</doc>
<arguments>
<arg>${path}</arg>
<arg>${sec}</arg>
</arguments>
<status status="PASS" starttime="20210112 13:28:20.576" endtime="20210112 13:28:20.605"></status>
</kw>
<kw name="Click Element" library="AppiumLibrary">
<doc>Click element identified by `locator`.</doc>
<arguments>
<arg>${path}</arg>
</arguments>
<msg timestamp="20210112 13:28:20.606" level="INFO">Clicking element '//android.widget.ImageView[@content-desc="บันทึกชั่งรับวัตถุดิบ Manual"]'.</msg>
<status status="PASS" starttime="20210112 13:28:20.605" endtime="20210112 13:28:20.671"></status>
</kw>
<status status="PASS" starttime="20210112 13:28:20.576" endtime="20210112 13:28:20.671"></status>
</kw>
<kw name="Sleep" library="BuiltIn">
<doc>Pauses the test executed for the given time.</doc>
<arguments>
<arg>4</arg>
</arguments>
<msg timestamp="20210112 13:28:24.677" level="INFO">Slept 4 seconds</msg>
<status status="PASS" starttime="20210112 13:28:20.671" endtime="20210112 13:28:24.677"></status>
</kw>
<kw name="Swipe down ${index} in range 10 time" library="AppiumUtils">
<kw name="${start} IN RANGE [ ${amount} ]" type="for">
<kw name="${start} = 0" type="foritem">
<kw name="Swipe" library="AppiumLibrary">
<doc>Swipe from one point to another point, for an optional duration.</doc>
<arguments>
<arg>500</arg>
<arg>1700</arg>
<arg>500</arg>
<arg>700</arg>
<arg>500</arg>
</arguments>
<status status="PASS" starttime="20210112 13:28:24.678" endtime="20210112 13:28:25.615"></status>
</kw>
<status status="PASS" starttime="20210112 13:28:24.678" endtime="20210112 13:28:25.615"></status>
</kw>
<kw name="${start} = 1" type="foritem">
<kw name="Swipe" library="AppiumLibrary">
<doc>Swipe from one point to another point, for an optional duration.</doc>
<arguments>
<arg>500</arg>
<arg>1700</arg>
<arg>500</arg>
<arg>700</arg>
<arg>500</arg>
</arguments>
<status status="PASS" starttime="20210112 13:28:25.616" endtime="20210112 13:28:26.530"></status>
</kw>
<status status="PASS" starttime="20210112 13:28:25.615" endtime="20210112 13:28:26.530"></status>
</kw>
<kw name="${start} = 2" type="foritem">
<kw name="Swipe" library="AppiumLibrary">
<doc>Swipe from one point to another point, for an optional duration.</doc>
<arguments>
<arg>500</arg>
<arg>1700</arg>
<arg>500</arg>
<arg>700</arg>
<arg>500</arg>
</arguments>
<status status="PASS" starttime="20210112 13:28:26.530" endtime="20210112 13:28:27.453"></status>
</kw>
<status status="PASS" starttime="20210112 13:28:26.530" endtime="20210112 13:28:27.453"></status>
</kw>
<kw name="${start} = 3" type="foritem">
<kw name="Swipe" library="AppiumLibrary">
<doc>Swipe from one point to another point, for an optional duration.</doc>
<arguments>
<arg>500</arg>
<arg>1700</arg>
<arg>500</arg>
<arg>700</arg>
<arg>500</arg>
</arguments>
<status status="PASS" starttime="20210112 13:28:27.453" endtime="20210112 13:28:28.359"></status>
</kw>
<status status="PASS" starttime="20210112 13:28:27.453" endtime="20210112 13:28:28.359"></status>
</kw>
<kw name="${start} = 4" type="foritem">
<kw name="Swipe" library="AppiumLibrary">
<doc>Swipe from one point to another point, for an optional duration.</doc>
<arguments>
<arg>500</arg>
<arg>1700</arg>
<arg>500</arg>
<arg>700</arg>
<arg>500</arg>
</arguments>
<status status="PASS" starttime="20210112 13:28:28.359" endtime="20210112 13:28:29.258"></status>
</kw>
<status status="PASS" starttime="20210112 13:28:28.359" endtime="20210112 13:28:29.258"></status>
</kw>
<kw name="${start} = 5" type="foritem">
<kw name="Swipe" library="AppiumLibrary">
<doc>Swipe from one point to another point, for an optional duration.</doc>
<arguments>
<arg>500</arg>
<arg>1700</arg>
<arg>500</arg>
<arg>700</arg>
<arg>500</arg>
</arguments>
<status status="PASS" starttime="20210112 13:28:29.258" endtime="20210112 13:28:30.186"></status>
</kw>
<status status="PASS" starttime="20210112 13:28:29.258" endtime="20210112 13:28:30.186"></status>
</kw>
<kw name="${start} = 6" type="foritem">
<kw name="Swipe" library="AppiumLibrary">
<doc>Swipe from one point to another point, for an optional duration.</doc>
<arguments>
<arg>500</arg>
<arg>1700</arg>
<arg>500</arg>
<arg>700</arg>
<arg>500</arg>
</arguments>
<status status="PASS" starttime="20210112 13:28:30.187" endtime="20210112 13:28:31.104"></status>
</kw>
<status status="PASS" starttime="20210112 13:28:30.186" endtime="20210112 13:28:31.104"></status>
</kw>
<kw name="${start} = 7" type="foritem">
<kw name="Swipe" library="AppiumLibrary">
<doc>Swipe from one point to another point, for an optional duration.</doc>
<arguments>
<arg>500</arg>
<arg>1700</arg>
<arg>500</arg>
<arg>700</arg>
<arg>500</arg>
</arguments>
<status status="PASS" starttime="20210112 13:28:31.105" endtime="20210112 13:28:32.018"></status>
</kw>
<status status="PASS" starttime="20210112 13:28:31.104" endtime="20210112 13:28:32.018"></status>
</kw>
<kw name="${start} = 8" type="foritem">
<kw name="Swipe" library="AppiumLibrary">
<doc>Swipe from one point to another point, for an optional duration.</doc>
<arguments>
<arg>500</arg>
<arg>1700</arg>
<arg>500</arg>
<arg>700</arg>
<arg>500</arg>
</arguments>
<status status="PASS" starttime="20210112 13:28:32.018" endtime="20210112 13:28:32.955"></status>
</kw>
<status status="PASS" starttime="20210112 13:28:32.018" endtime="20210112 13:28:32.955"></status>
</kw>
<kw name="${start} = 9" type="foritem">
<kw name="Swipe" library="AppiumLibrary">
<doc>Swipe from one point to another point, for an optional duration.</doc>
<arguments>
<arg>500</arg>
<arg>1700</arg>
<arg>500</arg>
<arg>700</arg>
<arg>500</arg>
</arguments>
<status status="PASS" starttime="20210112 13:28:32.955" endtime="20210112 13:28:33.889"></status>
</kw>
<status status="PASS" starttime="20210112 13:28:32.955" endtime="20210112 13:28:33.889"></status>
</kw>
<status status="PASS" starttime="20210112 13:28:24.677" endtime="20210112 13:28:33.889"></status>
</kw>
<status status="PASS" starttime="20210112 13:28:24.677" endtime="20210112 13:28:33.889"></status>
</kw>
<kw name="Click Element with Appium -&gt; ${Value} timeout 10 sec." library="AppiumUtils">
<kw name="Wait Until Page Contains Element" library="AppiumLibrary">
<doc>Waits until element specified with `locator` appears on current page.</doc>
<arguments>
<arg>${path}</arg>
<arg>${sec}</arg>
</arguments>
<status status="PASS" starttime="20210112 13:28:33.890" endtime="20210112 13:28:33.908"></status>
</kw>
<kw name="Click Element" library="AppiumLibrary">
<doc>Click element identified by `locator`.</doc>
<arguments>
<arg>${path}</arg>
</arguments>
<msg timestamp="20210112 13:28:33.909" level="INFO">Clicking element '//android.view.View[@index="3"]'.</msg>
<status status="PASS" starttime="20210112 13:28:33.909" endtime="20210112 13:28:33.972"></status>
</kw>
<status status="PASS" starttime="20210112 13:28:33.889" endtime="20210112 13:28:33.972"></status>
</kw>
<kw name="Sleep" library="BuiltIn">
<doc>Pauses the test executed for the given time.</doc>
<arguments>
<arg>2</arg>
</arguments>
<msg timestamp="20210112 13:28:35.986" level="INFO">Slept 2 seconds</msg>
<status status="PASS" starttime="20210112 13:28:33.972" endtime="20210112 13:28:35.986"></status>
</kw>
<kw name="Click Element with Appium -&gt; ${Weight20-25} timeout 10 sec." library="AppiumUtils">
<kw name="Wait Until Page Contains Element" library="AppiumLibrary">
<doc>Waits until element specified with `locator` appears on current page.</doc>
<arguments>
<arg>${path}</arg>
<arg>${sec}</arg>
</arguments>
<status status="PASS" starttime="20210112 13:28:35.986" endtime="20210112 13:28:36.386"></status>
</kw>
<kw name="Click Element" library="AppiumLibrary">
<doc>Click element identified by `locator`.</doc>
<arguments>
<arg>${path}</arg>
</arguments>
<msg timestamp="20210112 13:28:36.387" level="INFO">Clicking element '//android.view.View[@index="2"]'.</msg>
<status status="PASS" starttime="20210112 13:28:36.386" endtime="20210112 13:28:37.332"></status>
</kw>
<status status="PASS" starttime="20210112 13:28:35.986" endtime="20210112 13:28:37.333"></status>
</kw>
<kw name="Click Element with Appium -&gt; ${Weight} timeout 10 sec." library="AppiumUtils">
<kw name="Wait Until Page Contains Element" library="AppiumLibrary">
<doc>Waits until element specified with `locator` appears on current page.</doc>
<arguments>
<arg>${path}</arg>
<arg>${sec}</arg>
</arguments>
<status status="PASS" starttime="20210112 13:28:37.334" endtime="20210112 13:28:37.358"></status>
</kw>
<kw name="Click Element" library="AppiumLibrary">
<doc>Click element identified by `locator`.</doc>
<arguments>
<arg>${path}</arg>
</arguments>
<msg timestamp="20210112 13:28:37.359" level="INFO">Clicking element '//android.widget.EditText[@text="0.00"]'.</msg>
<status status="PASS" starttime="20210112 13:28:37.358" endtime="20210112 13:28:37.420"></status>
</kw>
<status status="PASS" starttime="20210112 13:28:37.333" endtime="20210112 13:28:37.420"></status>
</kw>
<kw name="Sleep" library="BuiltIn">
<doc>Pauses the test executed for the given time.</doc>
<arguments>
<arg>2</arg>
</arguments>
<msg timestamp="20210112 13:28:39.424" level="INFO">Slept 2 seconds</msg>
<status status="PASS" starttime="20210112 13:28:37.420" endtime="20210112 13:28:39.424"></status>
</kw>
<kw name="${index1} IN RANGE [ 10 ]" type="for">
<msg timestamp="20210112 13:28:39.424" level="WARN">Error in file 'C:\EclipsePortable-All-cpf\EclipsePortable\Data\workspace\Andriod_Test\Pages\Weight_Manual.robot' in FOR loop starting on line 29: For loop header ':FOR' is deprecated. Use 'FOR' instead.</msg>
<msg timestamp="20210112 13:28:39.426" level="WARN">Error in file 'C:\EclipsePortable-All-cpf\EclipsePortable\Data\workspace\Andriod_Test\Pages\Weight_Manual.robot' in FOR loop starting on line 29: Marking for loop body with '\' is deprecated. Remove markers and use 'END' instead.</msg>
<kw name="${index1} = 0" type="foritem">
<kw name="Sleep" library="BuiltIn">
<doc>Pauses the test executed for the given time.</doc>
<arguments>
<arg>0.5</arg>
</arguments>
<msg timestamp="20210112 13:28:39.942" level="INFO">Slept 500 milliseconds</msg>
<status status="PASS" starttime="20210112 13:28:39.434" endtime="20210112 13:28:39.942"></status>
</kw>
<kw name="Press Keycode" library="AppiumLibrary">
<doc>Sends a press of keycode to the device.</doc>
<arguments>
<arg>9</arg>
</arguments>
<status status="PASS" starttime="20210112 13:28:39.942" endtime="20210112 13:28:39.989"></status>
</kw>
<kw name="Press Keycode" library="AppiumLibrary">
<doc>Sends a press of keycode to the device.</doc>
<arguments>
<arg>7</arg>
</arguments>
<status status="PASS" starttime="20210112 13:28:39.989" endtime="20210112 13:28:40.023"></status>
</kw>
<kw name="Click Element with Appium -&gt; ${Accept} timeout 10 sec." library="AppiumUtils">
<kw name="Wait Until Page Contains Element" library="AppiumLibrary">
<doc>Waits until element specified with `locator` appears on current page.</doc>
<arguments>
<arg>${path}</arg>
<arg>${sec}</arg>
</arguments>
<status status="PASS" starttime="20210112 13:28:40.023" endtime="20210112 13:28:40.052"></status>
</kw>
<kw name="Click Element" library="AppiumLibrary">
<doc>Click element identified by `locator`.</doc>
<arguments>
<arg>${path}</arg>
</arguments>
<msg timestamp="20210112 13:28:40.054" level="INFO">Clicking element '//android.view.View[@content-desc="Accept"]'.</msg>
<status status="PASS" starttime="20210112 13:28:40.052" endtime="20210112 13:28:41.474"></status>
</kw>
<status status="PASS" starttime="20210112 13:28:40.023" endtime="20210112 13:28:41.474"></status>
</kw>
<status status="PASS" starttime="20210112 13:28:39.434" endtime="20210112 13:28:41.475"></status>
</kw>
<kw name="${index1} = 1" type="foritem">
<kw name="Sleep" library="BuiltIn">
<doc>Pauses the test executed for the given time.</doc>
<arguments>
<arg>0.5</arg>
</arguments>
<msg timestamp="20210112 13:28:41.986" level="INFO">Slept 500 milliseconds</msg>
<status status="PASS" starttime="20210112 13:28:41.475" endtime="20210112 13:28:41.986"></status>
</kw>
<kw name="Press Keycode" library="AppiumLibrary">
<doc>Sends a press of keycode to the device.</doc>
<arguments>
<arg>9</arg>
</arguments>
<status status="PASS" starttime="20210112 13:28:41.986" endtime="20210112 13:28:42.038"></status>
</kw>
<kw name="Press Keycode" library="AppiumLibrary">
<doc>Sends a press of keycode to the device.</doc>
<arguments>
<arg>7</arg>
</arguments>
<status status="PASS" starttime="20210112 13:28:42.038" endtime="20210112 13:28:42.088"></status>
</kw>
<kw name="Click Element with Appium -&gt; ${Accept} timeout 10 sec." library="AppiumUtils">
<kw name="Wait Until Page Contains Element" library="AppiumLibrary">
<doc>Waits until element specified with `locator` appears on current page.</doc>
<arguments>
<arg>${path}</arg>
<arg>${sec}</arg>
</arguments>
<status status="PASS" starttime="20210112 13:28:42.089" endtime="20210112 13:28:42.630"></status>
</kw>
<kw name="Click Element" library="AppiumLibrary">
<doc>Click element identified by `locator`.</doc>
<arguments>
<arg>${path}</arg>
</arguments>
<msg timestamp="20210112 13:28:42.631" level="INFO">Clicking element '//android.view.View[@content-desc="Accept"]'.</msg>
<status status="PASS" starttime="20210112 13:28:42.630" endtime="20210112 13:28:43.544"></status>
</kw>
<status status="PASS" starttime="20210112 13:28:42.089" endtime="20210112 13:28:43.545"></status>
</kw>
<status status="PASS" starttime="20210112 13:28:41.475" endtime="20210112 13:28:43.545"></status>
</kw>
<kw name="${index1} = 2" type="foritem">
<kw name="Sleep" library="BuiltIn">
<doc>Pauses the test executed for the given time.</doc>
<arguments>
<arg>0.5</arg>
</arguments>
<msg timestamp="20210112 13:28:44.048" level="INFO">Slept 500 milliseconds</msg>
<status status="PASS" starttime="20210112 13:28:43.545" endtime="20210112 13:28:44.048"></status>
</kw>
<kw name="Press Keycode" library="AppiumLibrary">
<doc>Sends a press of keycode to the device.</doc>
<arguments>
<arg>9</arg>
</arguments>
<status status="PASS" starttime="20210112 13:28:44.049" endtime="20210112 13:28:44.101"></status>
</kw>
<kw name="Press Keycode" library="AppiumLibrary">
<doc>Sends a press of keycode to the device.</doc>
<arguments>
<arg>7</arg>
</arguments>
<status status="PASS" starttime="20210112 13:28:44.101" endtime="20210112 13:28:44.137"></status>
</kw>
<kw name="Click Element with Appium -&gt; ${Accept} timeout 10 sec." library="AppiumUtils">
<kw name="Wait Until Page Contains Element" library="AppiumLibrary">
<doc>Waits until element specified with `locator` appears on current page.</doc>
<arguments>
<arg>${path}</arg>
<arg>${sec}</arg>
</arguments>
<status status="PASS" starttime="20210112 13:28:44.138" endtime="20210112 13:28:44.680"></status>
</kw>
<kw name="Click Element" library="AppiumLibrary">
<doc>Click element identified by `locator`.</doc>
<arguments>
<arg>${path}</arg>
</arguments>
<msg timestamp="20210112 13:28:44.682" level="INFO">Clicking element '//android.view.View[@content-desc="Accept"]'.</msg>
<status status="PASS" starttime="20210112 13:28:44.681" endtime="20210112 13:28:44.756"></status>
</kw>
<status status="PASS" starttime="20210112 13:28:44.138" endtime="20210112 13:28:44.756"></status>
</kw>
<status status="PASS" starttime="20210112 13:28:43.545" endtime="20210112 13:28:44.756"></status>
</kw>
<kw name="${index1} = 3" type="foritem">
<kw name="Sleep" library="BuiltIn">
<doc>Pauses the test executed for the given time.</doc>
<arguments>
<arg>0.5</arg>
</arguments>
<msg timestamp="20210112 13:28:45.262" level="INFO">Slept 500 milliseconds</msg>
<status status="PASS" starttime="20210112 13:28:44.756" endtime="20210112 13:28:45.262"></status>
</kw>
<kw name="Press Keycode" library="AppiumLibrary">
<doc>Sends a press of keycode to the device.</doc>
<arguments>
<arg>9</arg>
</arguments>
<status status="PASS" starttime="20210112 13:28:45.262" endtime="20210112 13:28:45.571"></status>
</kw>
<kw name="Press Keycode" library="AppiumLibrary">
<doc>Sends a press of keycode to the device.</doc>
<arguments>
<arg>7</arg>
</arguments>
<status status="PASS" starttime="20210112 13:28:45.571" endtime="20210112 13:28:45.603"></status>
</kw>
<kw name="Click Element with Appium -&gt; ${Accept} timeout 10 sec." library="AppiumUtils">
<kw name="Wait Until Page Contains Element" library="AppiumLibrary">
<doc>Waits until element specified with `locator` appears on current page.</doc>
<arguments>
<arg>${path}</arg>
<arg>${sec}</arg>
</arguments>
<status status="PASS" starttime="20210112 13:28:45.604" endtime="20210112 13:28:46.151"></status>
</kw>
<kw name="Click Element" library="AppiumLibrary">
<doc>Click element identified by `locator`.</doc>
<arguments>
<arg>${path}</arg>
</arguments>
<msg timestamp="20210112 13:28:46.152" level="INFO">Clicking element '//android.view.View[@content-desc="Accept"]'.</msg>
<status status="PASS" starttime="20210112 13:28:46.151" endtime="20210112 13:28:46.997"></status>
</kw>
<status status="PASS" starttime="20210112 13:28:45.603" endtime="20210112 13:28:46.998"></status>
</kw>
<status status="PASS" starttime="20210112 13:28:44.756" endtime="20210112 13:28:46.998"></status>
</kw>
<kw name="${index1} = 4" type="foritem">
<kw name="Sleep" library="BuiltIn">
<doc>Pauses the test executed for the given time.</doc>
<arguments>
<arg>0.5</arg>
</arguments>
<msg timestamp="20210112 13:28:47.514" level="INFO">Slept 500 milliseconds</msg>
<status status="PASS" starttime="20210112 13:28:46.998" endtime="20210112 13:28:47.514"></status>
</kw>
<kw name="Press Keycode" library="AppiumLibrary">
<doc>Sends a press of keycode to the device.</doc>
<arguments>
<arg>9</arg>
</arguments>
<status status="PASS" starttime="20210112 13:28:47.515" endtime="20210112 13:28:47.553"></status>
</kw>
<kw name="Press Keycode" library="AppiumLibrary">
<doc>Sends a press of keycode to the device.</doc>
<arguments>
<arg>7</arg>
</arguments>
<status status="PASS" starttime="20210112 13:28:47.553" endtime="20210112 13:28:47.589"></status>
</kw>
<kw name="Click Element with Appium -&gt; ${Accept} timeout 10 sec." library="AppiumUtils">
<kw name="Wait Until Page Contains Element" library="AppiumLibrary">
<doc>Waits until element specified with `locator` appears on current page.</doc>
<arguments>
<arg>${path}</arg>
<arg>${sec}</arg>
</arguments>
<status status="PASS" starttime="20210112 13:28:47.590" endtime="20210112 13:28:48.112"></status>
</kw>
<kw name="Click Element" library="AppiumLibrary">
<doc>Click element identified by `locator`.</doc>
<arguments>
<arg>${path}</arg>
</arguments>
<msg timestamp="20210112 13:28:48.112" level="INFO">Clicking element '//android.view.View[@content-desc="Accept"]'.</msg>
<status status="PASS" starttime="20210112 13:28:48.112" endtime="20210112 13:28:48.979"></status>
</kw>
<status status="PASS" starttime="20210112 13:28:47.589" endtime="20210112 13:28:48.980"></status>
</kw>
<status status="PASS" starttime="20210112 13:28:46.998" endtime="20210112 13:28:48.980"></status>
</kw>
<kw name="${index1} = 5" type="foritem">
<kw name="Sleep" library="BuiltIn">
<doc>Pauses the test executed for the given time.</doc>
<arguments>
<arg>0.5</arg>
</arguments>
<msg timestamp="20210112 13:28:49.483" level="INFO">Slept 500 milliseconds</msg>
<status status="PASS" starttime="20210112 13:28:48.980" endtime="20210112 13:28:49.483"></status>
</kw>
<kw name="Press Keycode" library="AppiumLibrary">
<doc>Sends a press of keycode to the device.</doc>
<arguments>
<arg>9</arg>
</arguments>
<status status="PASS" starttime="20210112 13:28:49.483" endtime="20210112 13:28:49.522"></status>
</kw>
<kw name="Press Keycode" library="AppiumLibrary">
<doc>Sends a press of keycode to the device.</doc>
<arguments>
<arg>7</arg>
</arguments>
<status status="PASS" starttime="20210112 13:28:49.522" endtime="20210112 13:28:49.554"></status>
</kw>
<kw name="Click Element with Appium -&gt; ${Accept} timeout 10 sec." library="AppiumUtils">
<kw name="Wait Until Page Contains Element" library="AppiumLibrary">
<doc>Waits until element specified with `locator` appears on current page.</doc>
<arguments>
<arg>${path}</arg>
<arg>${sec}</arg>
</arguments>
<status status="PASS" starttime="20210112 13:28:49.554" endtime="20210112 13:28:50.084"></status>
</kw>
<kw name="Click Element" library="AppiumLibrary">
<doc>Click element identified by `locator`.</doc>
<arguments>
<arg>${path}</arg>
</arguments>
<msg timestamp="20210112 13:28:50.085" level="INFO">Clicking element '//android.view.View[@content-desc="Accept"]'.</msg>
<status status="PASS" starttime="20210112 13:28:50.084" endtime="20210112 13:28:51.043"></status>
</kw>
<status status="PASS" starttime="20210112 13:28:49.554" endtime="20210112 13:28:51.043"></status>
</kw>
<status status="PASS" starttime="20210112 13:28:48.980" endtime="20210112 13:28:51.043"></status>
</kw>
<kw name="${index1} = 6" type="foritem">
<kw name="Sleep" library="BuiltIn">
<doc>Pauses the test executed for the given time.</doc>
<arguments>
<arg>0.5</arg>
</arguments>
<msg timestamp="20210112 13:28:51.545" level="INFO">Slept 500 milliseconds</msg>
<status status="PASS" starttime="20210112 13:28:51.043" endtime="20210112 13:28:51.545"></status>
</kw>
<kw name="Press Keycode" library="AppiumLibrary">
<doc>Sends a press of keycode to the device.</doc>
<arguments>
<arg>9</arg>
</arguments>
<status status="PASS" starttime="20210112 13:28:51.546" endtime="20210112 13:28:51.602"></status>
</kw>
<kw name="Press Keycode" library="AppiumLibrary">
<doc>Sends a press of keycode to the device.</doc>
<arguments>
<arg>7</arg>
</arguments>
<status status="PASS" starttime="20210112 13:28:51.602" endtime="20210112 13:28:51.638"></status>
</kw>
<kw name="Click Element with Appium -&gt; ${Accept} timeout 10 sec." library="AppiumUtils">
<kw name="Wait Until Page Contains Element" library="AppiumLibrary">
<doc>Waits until element specified with `locator` appears on current page.</doc>
<arguments>
<arg>${path}</arg>
<arg>${sec}</arg>
</arguments>
<status status="PASS" starttime="20210112 13:28:51.638" endtime="20210112 13:28:52.173"></status>
</kw>
<kw name="Click Element" library="AppiumLibrary">
<doc>Click element identified by `locator`.</doc>
<arguments>
<arg>${path}</arg>
</arguments>
<msg timestamp="20210112 13:28:52.174" level="INFO">Clicking element '//android.view.View[@content-desc="Accept"]'.</msg>
<status status="PASS" starttime="20210112 13:28:52.173" endtime="20210112 13:28:52.236"></status>
</kw>
<status status="PASS" starttime="20210112 13:28:51.638" endtime="20210112 13:28:52.237"></status>
</kw>
<status status="PASS" starttime="20210112 13:28:51.043" endtime="20210112 13:28:52.237"></status>
</kw>
<kw name="${index1} = 7" type="foritem">
<kw name="Sleep" library="BuiltIn">
<doc>Pauses the test executed for the given time.</doc>
<arguments>
<arg>0.5</arg>
</arguments>
<msg timestamp="20210112 13:28:52.746" level="INFO">Slept 500 milliseconds</msg>
<status status="PASS" starttime="20210112 13:28:52.237" endtime="20210112 13:28:52.746"></status>
</kw>
<kw name="Press Keycode" library="AppiumLibrary">
<doc>Sends a press of keycode to the device.</doc>
<arguments>
<arg>9</arg>
</arguments>
<status status="PASS" starttime="20210112 13:28:52.746" endtime="20210112 13:28:53.069"></status>
</kw>
<kw name="Press Keycode" library="AppiumLibrary">
<doc>Sends a press of keycode to the device.</doc>
<arguments>
<arg>7</arg>
</arguments>
<status status="PASS" starttime="20210112 13:28:53.069" endtime="20210112 13:28:53.104"></status>
</kw>
<kw name="Click Element with Appium -&gt; ${Accept} timeout 10 sec." library="AppiumUtils">
<kw name="Wait Until Page Contains Element" library="AppiumLibrary">
<doc>Waits until element specified with `locator` appears on current page.</doc>
<arguments>
<arg>${path}</arg>
<arg>${sec}</arg>
</arguments>
<status status="PASS" starttime="20210112 13:28:53.104" endtime="20210112 13:28:53.628"></status>
</kw>
<kw name="Click Element" library="AppiumLibrary">
<doc>Click element identified by `locator`.</doc>
<arguments>
<arg>${path}</arg>
</arguments>
<msg timestamp="20210112 13:28:53.629" level="INFO">Clicking element '//android.view.View[@content-desc="Accept"]'.</msg>
<status status="PASS" starttime="20210112 13:28:53.628" endtime="20210112 13:28:54.442"></status>
</kw>
<status status="PASS" starttime="20210112 13:28:53.104" endtime="20210112 13:28:54.442"></status>
</kw>
<status status="PASS" starttime="20210112 13:28:52.237" endtime="20210112 13:28:54.442"></status>
</kw>
<kw name="${index1} = 8" type="foritem">
<kw name="Sleep" library="BuiltIn">
<doc>Pauses the test executed for the given time.</doc>
<arguments>
<arg>0.5</arg>
</arguments>
<msg timestamp="20210112 13:28:54.943" level="INFO">Slept 500 milliseconds</msg>
<status status="PASS" starttime="20210112 13:28:54.443" endtime="20210112 13:28:54.943"></status>
</kw>
<kw name="Press Keycode" library="AppiumLibrary">
<doc>Sends a press of keycode to the device.</doc>
<arguments>
<arg>9</arg>
</arguments>
<status status="PASS" starttime="20210112 13:28:54.943" endtime="20210112 13:28:54.987"></status>
</kw>
<kw name="Press Keycode" library="AppiumLibrary">
<doc>Sends a press of keycode to the device.</doc>
<arguments>
<arg>7</arg>
</arguments>
<status status="PASS" starttime="20210112 13:28:54.987" endtime="20210112 13:28:55.022"></status>
</kw>
<kw name="Click Element with Appium -&gt; ${Accept} timeout 10 sec." library="AppiumUtils">
<kw name="Wait Until Page Contains Element" library="AppiumLibrary">
<doc>Waits until element specified with `locator` appears on current page.</doc>
<arguments>
<arg>${path}</arg>
<arg>${sec}</arg>
</arguments>
<status status="PASS" starttime="20210112 13:28:55.022" endtime="20210112 13:28:55.541"></status>
</kw>
<kw name="Click Element" library="AppiumLibrary">
<doc>Click element identified by `locator`.</doc>
<arguments>
<arg>${path}</arg>
</arguments>
<msg timestamp="20210112 13:28:55.541" level="INFO">Clicking element '//android.view.View[@content-desc="Accept"]'.</msg>
<status status="PASS" starttime="20210112 13:28:55.541" endtime="20210112 13:28:56.363"></status>
</kw>
<status status="PASS" starttime="20210112 13:28:55.022" endtime="20210112 13:28:56.364"></status>
</kw>
<status status="PASS" starttime="20210112 13:28:54.442" endtime="20210112 13:28:56.364"></status>
</kw>
<kw name="${index1} = 9" type="foritem">
<kw name="Sleep" library="BuiltIn">
<doc>Pauses the test executed for the given time.</doc>
<arguments>
<arg>0.5</arg>
</arguments>
<msg timestamp="20210112 13:28:56.865" level="INFO">Slept 500 milliseconds</msg>
<status status="PASS" starttime="20210112 13:28:56.364" endtime="20210112 13:28:56.865"></status>
</kw>
<kw name="Press Keycode" library="AppiumLibrary">
<doc>Sends a press of keycode to the device.</doc>
<arguments>
<arg>9</arg>
</arguments>
<status status="PASS" starttime="20210112 13:28:56.866" endtime="20210112 13:28:56.903"></status>
</kw>
<kw name="Press Keycode" library="AppiumLibrary">
<doc>Sends a press of keycode to the device.</doc>
<arguments>
<arg>7</arg>
</arguments>
<status status="PASS" starttime="20210112 13:28:56.904" endtime="20210112 13:28:56.935"></status>
</kw>
<kw name="Click Element with Appium -&gt; ${Accept} timeout 10 sec." library="AppiumUtils">
<kw name="Wait Until Page Contains Element" library="AppiumLibrary">
<doc>Waits until element specified with `locator` appears on current page.</doc>
<arguments>
<arg>${path}</arg>
<arg>${sec}</arg>
</arguments>
<status status="PASS" starttime="20210112 13:28:56.936" endtime="20210112 13:28:57.465"></status>
</kw>
<kw name="Click Element" library="AppiumLibrary">
<doc>Click element identified by `locator`.</doc>
<arguments>
<arg>${path}</arg>
</arguments>
<msg timestamp="20210112 13:28:57.466" level="INFO">Clicking element '//android.view.View[@content-desc="Accept"]'.</msg>
<status status="PASS" starttime="20210112 13:28:57.465" endtime="20210112 13:28:58.325"></status>
</kw>
<status status="PASS" starttime="20210112 13:28:56.935" endtime="20210112 13:28:58.325"></status>
</kw>
<status status="PASS" starttime="20210112 13:28:56.364" endtime="20210112 13:28:58.325"></status>
</kw>
<status status="PASS" starttime="20210112 13:28:39.424" endtime="20210112 13:28:58.325"></status>
</kw>
<kw name="Click Element with Appium -&gt; ${Back} timeout 10 sec." library="AppiumUtils">
<kw name="Wait Until Page Contains Element" library="AppiumLibrary">
<doc>Waits until element specified with `locator` appears on current page.</doc>
<arguments>
<arg>${path}</arg>
<arg>${sec}</arg>
</arguments>
<status status="PASS" starttime="20210112 13:28:58.325" endtime="20210112 13:28:58.350"></status>
</kw>
<kw name="Click Element" library="AppiumLibrary">
<doc>Click element identified by `locator`.</doc>
<arguments>
<arg>${path}</arg>
</arguments>
<msg timestamp="20210112 13:28:58.351" level="INFO">Clicking element '//android.view.View[@bounds="[22,88][132,198]"]'.</msg>
<status status="PASS" starttime="20210112 13:28:58.350" endtime="20210112 13:28:59.240"></status>
</kw>
<status status="PASS" starttime="20210112 13:28:58.325" endtime="20210112 13:28:59.240"></status>
</kw>
<kw name="Sleep" library="BuiltIn">
<doc>Pauses the test executed for the given time.</doc>
<arguments>
<arg>2</arg>
</arguments>
<msg timestamp="20210112 13:29:01.244" level="INFO">Slept 2 seconds</msg>
<status status="PASS" starttime="20210112 13:28:59.240" endtime="20210112 13:29:01.244"></status>
</kw>
<kw name="Click Element with Appium -&gt; ${Weight25-30} timeout 10 sec." library="AppiumUtils">
<kw name="Wait Until Page Contains Element" library="AppiumLibrary">
<doc>Waits until element specified with `locator` appears on current page.</doc>
<arguments>
<arg>${path}</arg>
<arg>${sec}</arg>
</arguments>
<status status="PASS" starttime="20210112 13:29:01.245" endtime="20210112 13:29:01.287"></status>
</kw>
<kw name="Click Element" library="AppiumLibrary">
<doc>Click element identified by `locator`.</doc>
<arguments>
<arg>${path}</arg>
</arguments>
<msg timestamp="20210112 13:29:01.289" level="INFO">Clicking element '//android.view.View[@index="4"]'.</msg>
<status status="PASS" starttime="20210112 13:29:01.288" endtime="20210112 13:29:02.210"></status>
</kw>
<status status="PASS" starttime="20210112 13:29:01.244" endtime="20210112 13:29:02.211"></status>
</kw>
<kw name="Click Element with Appium -&gt; ${Weight} timeout 10 sec." library="AppiumUtils">
<kw name="Wait Until Page Contains Element" library="AppiumLibrary">
<doc>Waits until element specified with `locator` appears on current page.</doc>
<arguments>
<arg>${path}</arg>
<arg>${sec}</arg>
</arguments>
<status status="PASS" starttime="20210112 13:29:02.212" endtime="20210112 13:29:02.234"></status>
</kw>
<kw name="Click Element" library="AppiumLibrary">
<doc>Click element identified by `locator`.</doc>
<arguments>
<arg>${path}</arg>
</arguments>
<msg timestamp="20210112 13:29:02.235" level="INFO">Clicking element '//android.widget.EditText[@text="0.00"]'.</msg>
<status status="PASS" starttime="20210112 13:29:02.234" endtime="20210112 13:29:02.306"></status>
</kw>
<status status="PASS" starttime="20210112 13:29:02.211" endtime="20210112 13:29:02.306"></status>
</kw>
<kw name="${index2} IN RANGE [ 10 ]" type="for">
<msg timestamp="20210112 13:29:02.306" level="WARN">Error in file 'C:\EclipsePortable-All-cpf\EclipsePortable\Data\workspace\Andriod_Test\Pages\Weight_Manual.robot' in FOR loop starting on line 38: For loop header ':FOR' is deprecated. Use 'FOR' instead.</msg>
<msg timestamp="20210112 13:29:02.308" level="WARN">Error in file 'C:\EclipsePortable-All-cpf\EclipsePortable\Data\workspace\Andriod_Test\Pages\Weight_Manual.robot' in FOR loop starting on line 38: Marking for loop body with '\' is deprecated. Remove markers and use 'END' instead.</msg>
<kw name="${index2} = 0" type="foritem">
<kw name="Sleep" library="BuiltIn">
<doc>Pauses the test executed for the given time.</doc>
<arguments>
<arg>0.5</arg>
</arguments>
<msg timestamp="20210112 13:29:02.819" level="INFO">Slept 500 milliseconds</msg>
<status status="PASS" starttime="20210112 13:29:02.318" endtime="20210112 13:29:02.819"></status>
</kw>
<kw name="Press Keycode" library="AppiumLibrary">
<doc>Sends a press of keycode to the device.</doc>
<arguments>
<arg>9</arg>
</arguments>
<status status="PASS" starttime="20210112 13:29:02.819" endtime="20210112 13:29:03.056"></status>
</kw>
<kw name="Press Keycode" library="AppiumLibrary">
<doc>Sends a press of keycode to the device.</doc>
<arguments>
<arg>7</arg>
</arguments>
<status status="PASS" starttime="20210112 13:29:03.057" endtime="20210112 13:29:03.103"></status>
</kw>
<kw name="Click Element with Appium -&gt; ${Accept} timeout 10 sec." library="AppiumUtils">
<kw name="Wait Until Page Contains Element" library="AppiumLibrary">
<doc>Waits until element specified with `locator` appears on current page.</doc>
<arguments>
<arg>${path}</arg>
<arg>${sec}</arg>
</arguments>
<status status="PASS" starttime="20210112 13:29:03.104" endtime="20210112 13:29:03.633"></status>
</kw>
<kw name="Click Element" library="AppiumLibrary">
<doc>Click element identified by `locator`.</doc>
<arguments>
<arg>${path}</arg>
</arguments>
<msg timestamp="20210112 13:29:03.635" level="INFO">Clicking element '//android.view.View[@content-desc="Accept"]'.</msg>
<status status="PASS" starttime="20210112 13:29:03.634" endtime="20210112 13:29:04.479"></status>
</kw>
<status status="PASS" starttime="20210112 13:29:03.103" endtime="20210112 13:29:04.479"></status>
</kw>
<status status="PASS" starttime="20210112 13:29:02.318" endtime="20210112 13:29:04.479"></status>
</kw>
<kw name="${index2} = 1" type="foritem">
<kw name="Sleep" library="BuiltIn">
<doc>Pauses the test executed for the given time.</doc>
<arguments>
<arg>0.5</arg>
</arguments>
<msg timestamp="20210112 13:29:04.994" level="INFO">Slept 500 milliseconds</msg>
<status status="PASS" starttime="20210112 13:29:04.479" endtime="20210112 13:29:04.994"></status>
</kw>
<kw name="Press Keycode" library="AppiumLibrary">
<doc>Sends a press of keycode to the device.</doc>
<arguments>
<arg>9</arg>
</arguments>
<status status="PASS" starttime="20210112 13:29:04.994" endtime="20210112 13:29:05.037"></status>
</kw>
<kw name="Press Keycode" library="AppiumLibrary">
<doc>Sends a press of keycode to the device.</doc>
<arguments>
<arg>7</arg>
</arguments>
<status status="PASS" starttime="20210112 13:29:05.038" endtime="20210112 13:29:05.070"></status>
</kw>
<kw name="Click Element with Appium -&gt; ${Accept} timeout 10 sec." library="AppiumUtils">
<kw name="Wait Until Page Contains Element" library="AppiumLibrary">
<doc>Waits until element specified with `locator` appears on current page.</doc>
<arguments>
<arg>${path}</arg>
<arg>${sec}</arg>
</arguments>
<status status="PASS" starttime="20210112 13:29:05.070" endtime="20210112 13:29:05.599"></status>
</kw>
<kw name="Click Element" library="AppiumLibrary">
<doc>Click element identified by `locator`.</doc>
<arguments>
<arg>${path}</arg>
</arguments>
<msg timestamp="20210112 13:29:05.600" level="INFO">Clicking element '//android.view.View[@content-desc="Accept"]'.</msg>
<status status="PASS" starttime="20210112 13:29:05.599" endtime="20210112 13:29:06.410"></status>
</kw>
<status status="PASS" starttime="20210112 13:29:05.070" endtime="20210112 13:29:06.410"></status>
</kw>
<status status="PASS" starttime="20210112 13:29:04.479" endtime="20210112 13:29:06.410"></status>
</kw>
<kw name="${index2} = 2" type="foritem">
<kw name="Sleep" library="BuiltIn">
<doc>Pauses the test executed for the given time.</doc>
<arguments>
<arg>0.5</arg>
</arguments>
<msg timestamp="20210112 13:29:06.913" level="INFO">Slept 500 milliseconds</msg>
<status status="PASS" starttime="20210112 13:29:06.410" endtime="20210112 13:29:06.913"></status>
</kw>
<kw name="Press Keycode" library="AppiumLibrary">
<doc>Sends a press of keycode to the device.</doc>
<arguments>
<arg>9</arg>
</arguments>
<status status="PASS" starttime="20210112 13:29:06.913" endtime="20210112 13:29:06.954"></status>
</kw>
<kw name="Press Keycode" library="AppiumLibrary">
<doc>Sends a press of keycode to the device.</doc>
<arguments>
<arg>7</arg>
</arguments>
<status status="PASS" starttime="20210112 13:29:06.954" endtime="20210112 13:29:06.985"></status>
</kw>
<kw name="Click Element with Appium -&gt; ${Accept} timeout 10 sec." library="AppiumUtils">
<kw name="Wait Until Page Contains Element" library="AppiumLibrary">
<doc>Waits until element specified with `locator` appears on current page.</doc>
<arguments>
<arg>${path}</arg>
<arg>${sec}</arg>
</arguments>
<status status="PASS" starttime="20210112 13:29:06.986" endtime="20210112 13:29:07.506"></status>
</kw>
<kw name="Click Element" library="AppiumLibrary">
<doc>Click element identified by `locator`.</doc>
<arguments>
<arg>${path}</arg>
</arguments>
<msg timestamp="20210112 13:29:07.508" level="INFO">Clicking element '//android.view.View[@content-desc="Accept"]'.</msg>
<status status="PASS" starttime="20210112 13:29:07.507" endtime="20210112 13:29:08.346"></status>
</kw>
<status status="PASS" starttime="20210112 13:29:06.986" endtime="20210112 13:29:08.346"></status>
</kw>
<status status="PASS" starttime="20210112 13:29:06.410" endtime="20210112 13:29:08.346"></status>
</kw>
<kw name="${index2} = 3" type="foritem">
<kw name="Sleep" library="BuiltIn">
<doc>Pauses the test executed for the given time.</doc>
<arguments>
<arg>0.5</arg>
</arguments>
<msg timestamp="20210112 13:29:08.859" level="INFO">Slept 500 milliseconds</msg>
<status status="PASS" starttime="20210112 13:29:08.346" endtime="20210112 13:29:08.859"></status>
</kw>
<kw name="Press Keycode" library="AppiumLibrary">
<doc>Sends a press of keycode to the device.</doc>
<arguments>
<arg>9</arg>
</arguments>
<status status="PASS" starttime="20210112 13:29:08.859" endtime="20210112 13:29:08.907"></status>
</kw>
<kw name="Press Keycode" library="AppiumLibrary">
<doc>Sends a press of keycode to the device.</doc>
<arguments>
<arg>7</arg>
</arguments>
<status status="PASS" starttime="20210112 13:29:08.907" endtime="20210112 13:29:08.937"></status>
</kw>
<kw name="Click Element with Appium -&gt; ${Accept} timeout 10 sec." library="AppiumUtils">
<kw name="Wait Until Page Contains Element" library="AppiumLibrary">
<doc>Waits until element specified with `locator` appears on current page.</doc>
<arguments>
<arg>${path}</arg>
<arg>${sec}</arg>
</arguments>
<status status="PASS" starttime="20210112 13:29:08.938" endtime="20210112 13:29:09.466"></status>
</kw>
<kw name="Click Element" library="AppiumLibrary">
<doc>Click element identified by `locator`.</doc>
<arguments>
<arg>${path}</arg>
</arguments>
<msg timestamp="20210112 13:29:09.467" level="INFO">Clicking element '//android.view.View[@content-desc="Accept"]'.</msg>
<status status="PASS" starttime="20210112 13:29:09.466" endtime="20210112 13:29:10.274"></status>
</kw>
<status status="PASS" starttime="20210112 13:29:08.937" endtime="20210112 13:29:10.274"></status>
</kw>
<status status="PASS" starttime="20210112 13:29:08.346" endtime="20210112 13:29:10.274"></status>
</kw>
<kw name="${index2} = 4" type="foritem">
<kw name="Sleep" library="BuiltIn">
<doc>Pauses the test executed for the given time.</doc>
<arguments>
<arg>0.5</arg>
</arguments>
<msg timestamp="20210112 13:29:10.785" level="INFO">Slept 500 milliseconds</msg>
<status status="PASS" starttime="20210112 13:29:10.274" endtime="20210112 13:29:10.785"></status>
</kw>
<kw name="Press Keycode" library="AppiumLibrary">
<doc>Sends a press of keycode to the device.</doc>
<arguments>
<arg>9</arg>
</arguments>
<status status="PASS" starttime="20210112 13:29:10.786" endtime="20210112 13:29:10.837"></status>
</kw>
<kw name="Press Keycode" library="AppiumLibrary">
<doc>Sends a press of keycode to the device.</doc>
<arguments>
<arg>7</arg>
</arguments>
<status status="PASS" starttime="20210112 13:29:10.837" endtime="20210112 13:29:10.870"></status>
</kw>
<kw name="Click Element with Appium -&gt; ${Accept} timeout 10 sec." library="AppiumUtils">
<kw name="Wait Until Page Contains Element" library="AppiumLibrary">
<doc>Waits until element specified with `locator` appears on current page.</doc>
<arguments>
<arg>${path}</arg>
<arg>${sec}</arg>
</arguments>
<status status="PASS" starttime="20210112 13:29:10.870" endtime="20210112 13:29:11.402"></status>
</kw>
<kw name="Click Element" library="AppiumLibrary">
<doc>Click element identified by `locator`.</doc>
<arguments>
<arg>${path}</arg>
</arguments>
<msg timestamp="20210112 13:29:11.403" level="INFO">Clicking element '//android.view.View[@content-desc="Accept"]'.</msg>
<status status="PASS" starttime="20210112 13:29:11.402" endtime="20210112 13:29:12.209"></status>
</kw>
<status status="PASS" starttime="20210112 13:29:10.870" endtime="20210112 13:29:12.209"></status>
</kw>
<status status="PASS" starttime="20210112 13:29:10.274" endtime="20210112 13:29:12.209"></status>
</kw>
<kw name="${index2} = 5" type="foritem">
<kw name="Sleep" library="BuiltIn">
<doc>Pauses the test executed for the given time.</doc>
<arguments>
<arg>0.5</arg>
</arguments>
<msg timestamp="20210112 13:29:12.720" level="INFO">Slept 500 milliseconds</msg>
<status status="PASS" starttime="20210112 13:29:12.210" endtime="20210112 13:29:12.720"></status>
</kw>
<kw name="Press Keycode" library="AppiumLibrary">
<doc>Sends a press of keycode to the device.</doc>
<arguments>
<arg>9</arg>
</arguments>
<status status="PASS" starttime="20210112 13:29:12.720" endtime="20210112 13:29:12.753"></status>
</kw>
<kw name="Press Keycode" library="AppiumLibrary">
<doc>Sends a press of keycode to the device.</doc>
<arguments>
<arg>7</arg>
</arguments>
<status status="PASS" starttime="20210112 13:29:12.753" endtime="20210112 13:29:12.799"></status>
</kw>
<kw name="Click Element with Appium -&gt; ${Accept} timeout 10 sec." library="AppiumUtils">
<kw name="Wait Until Page Contains Element" library="AppiumLibrary">
<doc>Waits until element specified with `locator` appears on current page.</doc>
<arguments>
<arg>${path}</arg>
<arg>${sec}</arg>
</arguments>
<status status="PASS" starttime="20210112 13:29:12.800" endtime="20210112 13:29:13.317"></status>
</kw>
<kw name="Click Element" library="AppiumLibrary">
<doc>Click element identified by `locator`.</doc>
<arguments>
<arg>${path}</arg>
</arguments>
<msg timestamp="20210112 13:29:13.318" level="INFO">Clicking element '//android.view.View[@content-desc="Accept"]'.</msg>
<status status="PASS" starttime="20210112 13:29:13.317" endtime="20210112 13:29:14.130"></status>
</kw>
<status status="PASS" starttime="20210112 13:29:12.800" endtime="20210112 13:29:14.130"></status>
</kw>
<status status="PASS" starttime="20210112 13:29:12.209" endtime="20210112 13:29:14.131"></status>
</kw>
<kw name="${index2} = 6" type="foritem">
<kw name="Sleep" library="BuiltIn">
<doc>Pauses the test executed for the given time.</doc>
<arguments>
<arg>0.5</arg>
</arguments>
<msg timestamp="20210112 13:29:14.647" level="INFO">Slept 500 milliseconds</msg>
<status status="PASS" starttime="20210112 13:29:14.131" endtime="20210112 13:29:14.647"></status>
</kw>
<kw name="Press Keycode" library="AppiumLibrary">
<doc>Sends a press of keycode to the device.</doc>
<arguments>
<arg>9</arg>
</arguments>
<status status="PASS" starttime="20210112 13:29:14.647" endtime="20210112 13:29:14.685"></status>
</kw>
<kw name="Press Keycode" library="AppiumLibrary">
<doc>Sends a press of keycode to the device.</doc>
<arguments>
<arg>7</arg>
</arguments>
<status status="PASS" starttime="20210112 13:29:14.685" endtime="20210112 13:29:14.720"></status>
</kw>
<kw name="Click Element with Appium -&gt; ${Accept} timeout 10 sec." library="AppiumUtils">
<kw name="Wait Until Page Contains Element" library="AppiumLibrary">
<doc>Waits until element specified with `locator` appears on current page.</doc>
<arguments>
<arg>${path}</arg>
<arg>${sec}</arg>
</arguments>
<status status="PASS" starttime="20210112 13:29:14.720" endtime="20210112 13:29:15.253"></status>
</kw>
<kw name="Click Element" library="AppiumLibrary">
<doc>Click element identified by `locator`.</doc>
<arguments>
<arg>${path}</arg>
</arguments>
<msg timestamp="20210112 13:29:15.254" level="INFO">Clicking element '//android.view.View[@content-desc="Accept"]'.</msg>
<status status="PASS" starttime="20210112 13:29:15.253" endtime="20210112 13:29:16.061"></status>
</kw>
<status status="PASS" starttime="20210112 13:29:14.720" endtime="20210112 13:29:16.062"></status>
</kw>
<status status="PASS" starttime="20210112 13:29:14.131" endtime="20210112 13:29:16.062"></status>
</kw>
<kw name="${index2} = 7" type="foritem">
<kw name="Sleep" library="BuiltIn">
<doc>Pauses the test executed for the given time.</doc>
<arguments>
<arg>0.5</arg>
</arguments>
<msg timestamp="20210112 13:29:16.565" level="INFO">Slept 500 milliseconds</msg>
<status status="PASS" starttime="20210112 13:29:16.062" endtime="20210112 13:29:16.565"></status>
</kw>
<kw name="Press Keycode" library="AppiumLibrary">
<doc>Sends a press of keycode to the device.</doc>
<arguments>
<arg>9</arg>
</arguments>
<status status="PASS" starttime="20210112 13:29:16.565" endtime="20210112 13:29:16.602"></status>
</kw>
<kw name="Press Keycode" library="AppiumLibrary">
<doc>Sends a press of keycode to the device.</doc>
<arguments>
<arg>7</arg>
</arguments>
<status status="PASS" starttime="20210112 13:29:16.602" endtime="20210112 13:29:16.637"></status>
</kw>
<kw name="Click Element with Appium -&gt; ${Accept} timeout 10 sec." library="AppiumUtils">
<kw name="Wait Until Page Contains Element" library="AppiumLibrary">
<doc>Waits until element specified with `locator` appears on current page.</doc>
<arguments>
<arg>${path}</arg>
<arg>${sec}</arg>
</arguments>
<status status="PASS" starttime="20210112 13:29:16.637" endtime="20210112 13:29:17.163"></status>
</kw>
<kw name="Click Element" library="AppiumLibrary">
<doc>Click element identified by `locator`.</doc>
<arguments>
<arg>${path}</arg>
</arguments>
<msg timestamp="20210112 13:29:17.165" level="INFO">Clicking element '//android.view.View[@content-desc="Accept"]'.</msg>
<status status="PASS" starttime="20210112 13:29:17.164" endtime="20210112 13:29:17.965"></status>
</kw>
<status status="PASS" starttime="20210112 13:29:16.637" endtime="20210112 13:29:17.965"></status>
</kw>
<status status="PASS" starttime="20210112 13:29:16.062" endtime="20210112 13:29:17.965"></status>
</kw>
<kw name="${index2} = 8" type="foritem">
<kw name="Sleep" library="BuiltIn">
<doc>Pauses the test executed for the given time.</doc>
<arguments>
<arg>0.5</arg>
</arguments>
<msg timestamp="20210112 13:29:18.468" level="INFO">Slept 500 milliseconds</msg>
<status status="PASS" starttime="20210112 13:29:17.966" endtime="20210112 13:29:18.468"></status>
</kw>
<kw name="Press Keycode" library="AppiumLibrary">
<doc>Sends a press of keycode to the device.</doc>
<arguments>
<arg>9</arg>
</arguments>
<status status="PASS" starttime="20210112 13:29:18.468" endtime="20210112 13:29:18.505"></status>
</kw>
<kw name="Press Keycode" library="AppiumLibrary">
<doc>Sends a press of keycode to the device.</doc>
<arguments>
<arg>7</arg>
</arguments>
<status status="PASS" starttime="20210112 13:29:18.505" endtime="20210112 13:29:18.552"></status>
</kw>
<kw name="Click Element with Appium -&gt; ${Accept} timeout 10 sec." library="AppiumUtils">
<kw name="Wait Until Page Contains Element" library="AppiumLibrary">
<doc>Waits until element specified with `locator` appears on current page.</doc>
<arguments>
<arg>${path}</arg>
<arg>${sec}</arg>
</arguments>
<status status="PASS" starttime="20210112 13:29:18.553" endtime="20210112 13:29:19.086"></status>
</kw>
<kw name="Click Element" library="AppiumLibrary">
<doc>Click element identified by `locator`.</doc>
<arguments>
<arg>${path}</arg>
</arguments>
<msg timestamp="20210112 13:29:19.087" level="INFO">Clicking element '//android.view.View[@content-desc="Accept"]'.</msg>
<status status="PASS" starttime="20210112 13:29:19.086" endtime="20210112 13:29:19.898"></status>
</kw>
<status status="PASS" starttime="20210112 13:29:18.553" endtime="20210112 13:29:19.898"></status>
</kw>
<status status="PASS" starttime="20210112 13:29:17.965" endtime="20210112 13:29:19.898"></status>
</kw>
<kw name="${index2} = 9" type="foritem">
<kw name="Sleep" library="BuiltIn">
<doc>Pauses the test executed for the given time.</doc>
<arguments>
<arg>0.5</arg>
</arguments>
<msg timestamp="20210112 13:29:20.414" level="INFO">Slept 500 milliseconds</msg>
<status status="PASS" starttime="20210112 13:29:19.898" endtime="20210112 13:29:20.414"></status>
</kw>
<kw name="Press Keycode" library="AppiumLibrary">
<doc>Sends a press of keycode to the device.</doc>
<arguments>
<arg>9</arg>
</arguments>
<status status="PASS" starttime="20210112 13:29:20.414" endtime="20210112 13:29:20.466"></status>
</kw>
<kw name="Press Keycode" library="AppiumLibrary">
<doc>Sends a press of keycode to the device.</doc>
<arguments>
<arg>7</arg>
</arguments>
<status status="PASS" starttime="20210112 13:29:20.466" endtime="20210112 13:29:20.502"></status>
</kw>
<kw name="Click Element with Appium -&gt; ${Accept} timeout 10 sec." library="AppiumUtils">
<kw name="Wait Until Page Contains Element" library="AppiumLibrary">
<doc>Waits until element specified with `locator` appears on current page.</doc>
<arguments>
<arg>${path}</arg>
<arg>${sec}</arg>
</arguments>
<status status="PASS" starttime="20210112 13:29:20.502" endtime="20210112 13:29:21.021"></status>
</kw>
<kw name="Click Element" library="AppiumLibrary">
<doc>Click element identified by `locator`.</doc>
<arguments>
<arg>${path}</arg>
</arguments>
<msg timestamp="20210112 13:29:21.022" level="INFO">Clicking element '//android.view.View[@content-desc="Accept"]'.</msg>
<status status="PASS" starttime="20210112 13:29:21.021" endtime="20210112 13:29:21.860"></status>
</kw>
<status status="PASS" starttime="20210112 13:29:20.502" endtime="20210112 13:29:21.860"></status>
</kw>
<status status="PASS" starttime="20210112 13:29:19.898" endtime="20210112 13:29:21.860"></status>
</kw>
<status status="PASS" starttime="20210112 13:29:02.306" endtime="20210112 13:29:21.860"></status>
</kw>
<kw name="Click Element with Appium -&gt; ${Back} timeout 10 sec." library="AppiumUtils">
<kw name="Wait Until Page Contains Element" library="AppiumLibrary">
<doc>Waits until element specified with `locator` appears on current page.</doc>
<arguments>
<arg>${path}</arg>
<arg>${sec}</arg>
</arguments>
<status status="PASS" starttime="20210112 13:29:21.861" endtime="20210112 13:29:21.892"></status>
</kw>
<kw name="Click Element" library="AppiumLibrary">
<doc>Click element identified by `locator`.</doc>
<arguments>
<arg>${path}</arg>
</arguments>
<msg timestamp="20210112 13:29:21.893" level="INFO">Clicking element '//android.view.View[@bounds="[22,88][132,198]"]'.</msg>
<status status="PASS" starttime="20210112 13:29:21.892" endtime="20210112 13:29:22.777"></status>
</kw>
<status status="PASS" starttime="20210112 13:29:21.860" endtime="20210112 13:29:22.778"></status>
</kw>
<kw name="Sleep" library="BuiltIn">
<doc>Pauses the test executed for the given time.</doc>
<arguments>
<arg>2</arg>
</arguments>
<msg timestamp="20210112 13:29:24.790" level="INFO">Slept 2 seconds</msg>
<status status="PASS" starttime="20210112 13:29:22.778" endtime="20210112 13:29:24.790"></status>
</kw>
<kw name="Click Element with Appium -&gt; ${Confirm} timeout 10 sec." library="AppiumUtils">
<kw name="Wait Until Page Contains Element" library="AppiumLibrary">
<doc>Waits until element specified with `locator` appears on current page.</doc>
<arguments>
<arg>${path}</arg>
<arg>${sec}</arg>
</arguments>
<status status="PASS" starttime="20210112 13:29:24.791" endtime="20210112 13:29:24.816"></status>
</kw>
<kw name="Click Element" library="AppiumLibrary">
<doc>Click element identified by `locator`.</doc>
<arguments>
<arg>${path}</arg>
</arguments>
<msg timestamp="20210112 13:29:24.817" level="INFO">Clicking element '//android.view.View[@content-desc="Confirm received"]'.</msg>
<status status="PASS" starttime="20210112 13:29:24.816" endtime="20210112 13:29:25.424"></status>
</kw>
<status status="PASS" starttime="20210112 13:29:24.790" endtime="20210112 13:29:25.424"></status>
</kw>
<kw name="Click Element with Appium -&gt; ${YesBtn} timeout 10 sec." library="AppiumUtils">
<kw name="Wait Until Page Contains Element" library="AppiumLibrary">
<doc>Waits until element specified with `locator` appears on current page.</doc>
<arguments>
<arg>${path}</arg>
<arg>${sec}</arg>
</arguments>
<status status="PASS" starttime="20210112 13:29:25.426" endtime="20210112 13:29:25.455"></status>
</kw>
<kw name="Click Element" library="AppiumLibrary">
<doc>Click element identified by `locator`.</doc>
<arguments>
<arg>${path}</arg>
</arguments>
<msg timestamp="20210112 13:29:25.457" level="INFO">Clicking element '//android.widget.Button[@content-desc="Yes"]'.</msg>
<status status="PASS" starttime="20210112 13:29:25.456" endtime="20210112 13:29:26.444"></status>
</kw>
<status status="PASS" starttime="20210112 13:29:25.425" endtime="20210112 13:29:26.444"></status>
</kw>
<kw name="Sleep" library="BuiltIn">
<doc>Pauses the test executed for the given time.</doc>
<arguments>
<arg>2</arg>
</arguments>
<msg timestamp="20210112 13:29:28.449" level="INFO">Slept 2 seconds</msg>
<status status="PASS" starttime="20210112 13:29:26.444" endtime="20210112 13:29:28.449"></status>
</kw>
<kw name="Click Element with Appium -&gt; ${Back} timeout 10 sec." library="AppiumUtils">
<kw name="Wait Until Page Contains Element" library="AppiumLibrary">
<doc>Waits until element specified with `locator` appears on current page.</doc>
<arguments>
<arg>${path}</arg>
<arg>${sec}</arg>
</arguments>
<status status="PASS" starttime="20210112 13:29:28.449" endtime="20210112 13:29:28.483"></status>
</kw>
<kw name="Click Element" library="AppiumLibrary">
<doc>Click element identified by `locator`.</doc>
<arguments>
<arg>${path}</arg>
</arguments>
<msg timestamp="20210112 13:29:28.484" level="INFO">Clicking element '//android.view.View[@bounds="[22,88][132,198]"]'.</msg>
<status status="PASS" starttime="20210112 13:29:28.483" endtime="20210112 13:29:29.350"></status>
</kw>
<status status="PASS" starttime="20210112 13:29:28.449" endtime="20210112 13:29:29.350"></status>
</kw>
<kw name="Sleep" library="BuiltIn">
<doc>Pauses the test executed for the given time.</doc>
<arguments>
<arg>2</arg>
</arguments>
<msg timestamp="20210112 13:29:31.355" level="INFO">Slept 2 seconds</msg>
<status status="PASS" starttime="20210112 13:29:29.351" endtime="20210112 13:29:31.355"></status>
</kw>
<kw name="Click Element with Appium -&gt; ${Back} timeout 10 sec." library="AppiumUtils">
<kw name="Wait Until Page Contains Element" library="AppiumLibrary">
<doc>Waits until element specified with `locator` appears on current page.</doc>
<arguments>
<arg>${path}</arg>
<arg>${sec}</arg>
</arguments>
<status status="PASS" starttime="20210112 13:29:31.357" endtime="20210112 13:29:31.395"></status>
</kw>
<kw name="Click Element" library="AppiumLibrary">
<doc>Click element identified by `locator`.</doc>
<arguments>
<arg>${path}</arg>
</arguments>
<msg timestamp="20210112 13:29:31.397" level="INFO">Clicking element '//android.view.View[@bounds="[22,88][132,198]"]'.</msg>
<status status="PASS" starttime="20210112 13:29:31.396" endtime="20210112 13:29:32.296"></status>
</kw>
<status status="PASS" starttime="20210112 13:29:31.356" endtime="20210112 13:29:32.297"></status>
</kw>
<kw name="Go Back" library="AppiumLibrary">
<doc>Goes one step backward in the browser history.</doc>
<status status="PASS" starttime="20210112 13:29:32.297" endtime="20210112 13:29:32.420"></status>
</kw>
<kw name="Close Application" library="AppiumLibrary">
<doc>Closes the current application and also close webdriver session.</doc>
<status status="PASS" starttime="20210112 13:29:32.420" endtime="20210112 13:29:33.087"></status>
</kw>
<status status="PASS" starttime="20210112 13:28:20.575" endtime="20210112 13:29:33.087"></status>
</kw>
<status status="PASS" starttime="20210112 13:27:42.065" endtime="20210112 13:29:33.088" critical="yes"></status>
</test>
<status status="PASS" starttime="20210112 13:27:41.858" endtime="20210112 13:29:33.089"></status>
</suite>
<statistics>
<total>
<stat pass="1" fail="0">Critical Tests</stat>
<stat pass="1" fail="0">All Tests</stat>
</total>
<tag>
</tag>
<suite>
<stat pass="1" fail="0" id="s1" name="Android">Android</stat>
</suite>
</statistics>
<errors>
<msg timestamp="20210112 13:28:39.424" level="WARN">Error in file 'C:\EclipsePortable-All-cpf\EclipsePortable\Data\workspace\Andriod_Test\Pages\Weight_Manual.robot' in FOR loop starting on line 29: For loop header ':FOR' is deprecated. Use 'FOR' instead.</msg>
<msg timestamp="20210112 13:28:39.426" level="WARN">Error in file 'C:\EclipsePortable-All-cpf\EclipsePortable\Data\workspace\Andriod_Test\Pages\Weight_Manual.robot' in FOR loop starting on line 29: Marking for loop body with '\' is deprecated. Remove markers and use 'END' instead.</msg>
<msg timestamp="20210112 13:29:02.306" level="WARN">Error in file 'C:\EclipsePortable-All-cpf\EclipsePortable\Data\workspace\Andriod_Test\Pages\Weight_Manual.robot' in FOR loop starting on line 38: For loop header ':FOR' is deprecated. Use 'FOR' instead.</msg>
<msg timestamp="20210112 13:29:02.308" level="WARN">Error in file 'C:\EclipsePortable-All-cpf\EclipsePortable\Data\workspace\Andriod_Test\Pages\Weight_Manual.robot' in FOR loop starting on line 38: Marking for loop body with '\' is deprecated. Remove markers and use 'END' instead.</msg>
</errors>
</robot>
